#
# There is insufficient memory for the Java Runtime Environment to continue.
# Native memory allocation (malloc) failed to allocate 1175872 bytes. Error detail: Chunk::new
# Possible reasons:
#   The system is out of physical RAM or swap space
#   This process is running with CompressedOops enabled, and the Java Heap may be blocking the growth of the native heap
# Possible solutions:
#   Reduce memory load on the system
#   Increase physical memory or swap space
#   Check if swap backing store is full
#   Decrease Java heap size (-Xmx/-Xms)
#   Decrease number of Java threads
#   Decrease Java thread stack sizes (-Xss)
#   Set larger code cache with -XX:ReservedCodeCacheSize=
#   JVM is running with Unscaled Compressed Oops mode in which the Java heap is
#     placed in the first 4GB address space. The Java Heap base address is the
#     maximum limit for the native heap growth. Please use -XX:HeapBaseMinAddress
#     to set the Java Heap base and to place the Java Heap above 4GB virtual address.
# This output file may be truncated or incomplete.
#
#  Out of Memory Error (arena.cpp:168), pid=16932, tid=15644
#
# JRE version: OpenJDK Runtime Environment Temurin-21.0.7+6 (21.0.7+6) (build 21.0.7+6-LTS)
# Java VM: OpenJDK 64-Bit Server VM Temurin-21.0.7+6 (21.0.7+6-LTS, mixed mode, sharing, tiered, compressed oops, compressed class ptrs, g1 gc, windows-amd64)
# No core dump will be written. Minidumps are not enabled by default on client versions of Windows
#

---------------  S U M M A R Y ------------

Command Line: --add-opens=java.base/java.lang=ALL-UNNAMED --add-opens=java.base/java.lang.invoke=ALL-UNNAMED --add-opens=java.base/java.util=ALL-UNNAMED --add-opens=java.prefs/java.util.prefs=ALL-UNNAMED --add-exports=jdk.compiler/com.sun.tools.javac.api=ALL-UNNAMED --add-exports=jdk.compiler/com.sun.tools.javac.util=ALL-UNNAMED --add-opens=java.base/java.util=ALL-UNNAMED --add-opens=java.prefs/java.util.prefs=ALL-UNNAMED --add-opens=java.base/java.nio.charset=ALL-UNNAMED --add-opens=java.base/java.net=ALL-UNNAMED --add-opens=java.base/java.util.concurrent.atomic=ALL-UNNAMED --add-opens=java.xml/javax.xml.namespace=ALL-UNNAMED -Xmx1536m -Dfile.encoding=UTF-8 -Duser.country=US -Duser.language=en -Duser.variant -javaagent:C:\Users\User\.gradle\wrapper\dists\gradle-8.11.1-all\2qik7nd48slq1ooc2496ixf4i\gradle-8.11.1\lib\agents\gradle-instrumentation-agent-8.11.1.jar org.gradle.launcher.daemon.bootstrap.GradleDaemon 8.11.1

Host: 11th Gen Intel(R) Core(TM) i5-1135G7 @ 2.40GHz, 8 cores, 7G,  Windows 11 , 64 bit Build 26100 (10.0.26100.4484)
Time: Sat Jun 28 23:47:08 2025 Greenwich Standard Time elapsed time: 30.730504 seconds (0d 0h 0m 30s)

---------------  T H R E A D  ---------------

Current thread (0x0000020a0199b750):  JavaThread "C2 CompilerThread1" daemon [_thread_in_native, id=15644, stack(0x000000f1ed600000,0x000000f1ed700000) (1024K)]


Current CompileTask:
C2:30730 10392       4       com.google.common.collect.ImmutableSet::copyOf (76 bytes)

Stack: [0x000000f1ed600000,0x000000f1ed700000]
Native frames: (J=compiled Java code, j=interpreted, Vv=VM code, C=native code)
V  [jvm.dll+0x6ce119]
V  [jvm.dll+0x8a84a1]
V  [jvm.dll+0x8aa9ce]
V  [jvm.dll+0x8ab0b3]
V  [jvm.dll+0x27f8a6]
V  [jvm.dll+0xc507d]
V  [jvm.dll+0xc55b3]
V  [jvm.dll+0x3b692c]
V  [jvm.dll+0x382aa5]
V  [jvm.dll+0x381f0a]
V  [jvm.dll+0x247af0]
V  [jvm.dll+0x2470cf]
V  [jvm.dll+0x1c760e]
V  [jvm.dll+0x25695a]
V  [jvm.dll+0x254efa]
V  [jvm.dll+0x3f03f6]
V  [jvm.dll+0x851f6b]
V  [jvm.dll+0x6cc7dd]
C  [ucrtbase.dll+0x37b0]
C  [KERNEL32.DLL+0x2e8d7]
C  [ntdll.dll+0x3c34c]


---------------  P R O C E S S  ---------------

Threads class SMR info:
_java_thread_list=0x0000020a0003b210, length=44, elements={
0x0000020a1f68f440, 0x0000020a36bdbd70, 0x0000020a36bde7d0, 0x0000020a36be1490,
0x0000020a36be2270, 0x0000020a36be5360, 0x0000020a36be5ee0, 0x0000020a36be8810,
0x0000020a36bfb820, 0x0000020a36baa800, 0x0000020a7c1dc680, 0x0000020a7d2bad30,
0x0000020a7dd3b530, 0x0000020a7deba120, 0x0000020a7de02500, 0x0000020a7defc400,
0x0000020a7df0f470, 0x0000020a7df0e0c0, 0x0000020a7df0fb00, 0x0000020a7df0da30,
0x0000020a7df0e750, 0x0000020a7df0ede0, 0x0000020a7e7dfa10, 0x0000020a7e7df380,
0x0000020a7e7ddfd0, 0x0000020a7e7e1ae0, 0x0000020a7e7de660, 0x0000020a7e7e55f0,
0x0000020a7e7e3bb0, 0x0000020a7e7e2170, 0x0000020a7f911c60, 0x0000020a7f90e7e0,
0x0000020a7f90ee70, 0x0000020a7f90cda0, 0x0000020a7f90d430, 0x0000020a7f910f40,
0x0000020a7f90dac0, 0x0000020a7f9122f0, 0x0000020a7f9143c0, 0x0000020a0199b750,
0x0000020a7f912980, 0x0000020a7f9136a0, 0x0000020a7f913010, 0x0000020a00673cc0
}

Java Threads: ( => current thread )
  0x0000020a1f68f440 JavaThread "main"                              [_thread_blocked, id=23372, stack(0x000000f1ea600000,0x000000f1ea700000) (1024K)]
  0x0000020a36bdbd70 JavaThread "Reference Handler"          daemon [_thread_blocked, id=21940, stack(0x000000f1eae00000,0x000000f1eaf00000) (1024K)]
  0x0000020a36bde7d0 JavaThread "Finalizer"                  daemon [_thread_blocked, id=14124, stack(0x000000f1eaf00000,0x000000f1eb000000) (1024K)]
  0x0000020a36be1490 JavaThread "Signal Dispatcher"          daemon [_thread_blocked, id=17304, stack(0x000000f1eb000000,0x000000f1eb100000) (1024K)]
  0x0000020a36be2270 JavaThread "Attach Listener"            daemon [_thread_blocked, id=15276, stack(0x000000f1eb100000,0x000000f1eb200000) (1024K)]
  0x0000020a36be5360 JavaThread "Service Thread"             daemon [_thread_blocked, id=21104, stack(0x000000f1eb200000,0x000000f1eb300000) (1024K)]
  0x0000020a36be5ee0 JavaThread "Monitor Deflation Thread"   daemon [_thread_blocked, id=14552, stack(0x000000f1eb300000,0x000000f1eb400000) (1024K)]
  0x0000020a36be8810 JavaThread "C2 CompilerThread0"         daemon [_thread_blocked, id=22344, stack(0x000000f1eb400000,0x000000f1eb500000) (1024K)]
  0x0000020a36bfb820 JavaThread "C1 CompilerThread0"         daemon [_thread_blocked, id=26780, stack(0x000000f1eb500000,0x000000f1eb600000) (1024K)]
  0x0000020a36baa800 JavaThread "Common-Cleaner"             daemon [_thread_blocked, id=10860, stack(0x000000f1eb600000,0x000000f1eb700000) (1024K)]
  0x0000020a7c1dc680 JavaThread "Notification Thread"        daemon [_thread_blocked, id=19944, stack(0x000000f1eb700000,0x000000f1eb800000) (1024K)]
  0x0000020a7d2bad30 JavaThread "Daemon health stats"               [_thread_blocked, id=27476, stack(0x000000f1ebd00000,0x000000f1ebe00000) (1024K)]
  0x0000020a7dd3b530 JavaThread "Incoming local TCP Connector on port 58342"        [_thread_in_native, id=20520, stack(0x000000f1ebe00000,0x000000f1ebf00000) (1024K)]
  0x0000020a7deba120 JavaThread "Daemon periodic checks"            [_thread_blocked, id=27132, stack(0x000000f1ebf00000,0x000000f1ec000000) (1024K)]
  0x0000020a7de02500 JavaThread "Daemon"                            [_thread_blocked, id=26344, stack(0x000000f1ec000000,0x000000f1ec100000) (1024K)]
  0x0000020a7defc400 JavaThread "Daemon worker"                     [_thread_in_native, id=28280, stack(0x000000f1ec300000,0x000000f1ec400000) (1024K)]
  0x0000020a7df0f470 JavaThread "Cache worker for journal cache (C:\Users\User\.gradle\caches\journal-1)"        [_thread_blocked, id=27980, stack(0x000000f1ec700000,0x000000f1ec800000) (1024K)]
  0x0000020a7df0e0c0 JavaThread "File lock request listener"        [_thread_in_native, id=24768, stack(0x000000f1ec800000,0x000000f1ec900000) (1024K)]
  0x0000020a7df0fb00 JavaThread "Cache worker for file hash cache (C:\Users\User\.gradle\caches\8.11.1\fileHashes)"        [_thread_blocked, id=11244, stack(0x000000f1ec900000,0x000000f1eca00000) (1024K)]
  0x0000020a7df0da30 JavaThread "Cache worker for file content cache (C:\Users\User\.gradle\caches\8.11.1\fileContent)"        [_thread_blocked, id=10312, stack(0x000000f1ecc00000,0x000000f1ecd00000) (1024K)]
  0x0000020a7df0e750 JavaThread "File watcher server"        daemon [_thread_in_native, id=1400, stack(0x000000f1ed000000,0x000000f1ed100000) (1024K)]
  0x0000020a7df0ede0 JavaThread "File watcher consumer"      daemon [_thread_blocked, id=28916, stack(0x000000f1ed100000,0x000000f1ed200000) (1024K)]
  0x0000020a7e7dfa10 JavaThread "jar transforms"                    [_thread_blocked, id=5756, stack(0x000000f1ed200000,0x000000f1ed300000) (1024K)]
  0x0000020a7e7df380 JavaThread "jar transforms Thread 2"           [_thread_blocked, id=14528, stack(0x000000f1ed300000,0x000000f1ed400000) (1024K)]
  0x0000020a7e7ddfd0 JavaThread "jar transforms Thread 3"           [_thread_blocked, id=6368, stack(0x000000f1ed400000,0x000000f1ed500000) (1024K)]
  0x0000020a7e7e1ae0 JavaThread "jar transforms Thread 4"           [_thread_blocked, id=14940, stack(0x000000f1ed800000,0x000000f1ed900000) (1024K)]
  0x0000020a7e7de660 JavaThread "jar transforms Thread 5"           [_thread_blocked, id=21632, stack(0x000000f1ed900000,0x000000f1eda00000) (1024K)]
  0x0000020a7e7e55f0 JavaThread "jar transforms Thread 6"           [_thread_blocked, id=26300, stack(0x000000f1eda00000,0x000000f1edb00000) (1024K)]
  0x0000020a7e7e3bb0 JavaThread "jar transforms Thread 7"           [_thread_blocked, id=17968, stack(0x000000f1edb00000,0x000000f1edc00000) (1024K)]
  0x0000020a7e7e2170 JavaThread "jar transforms Thread 8"           [_thread_blocked, id=21488, stack(0x000000f1edc00000,0x000000f1edd00000) (1024K)]
  0x0000020a7f911c60 JavaThread "Memory manager"                    [_thread_blocked, id=20796, stack(0x000000f1ee500000,0x000000f1ee600000) (1024K)]
  0x0000020a7f90e7e0 JavaThread "VFS cleanup"                       [_thread_blocked, id=3504, stack(0x000000f1ec400000,0x000000f1ec500000) (1024K)]
  0x0000020a7f90ee70 JavaThread "Handler for socket connection from /127.0.0.1:58342 to /127.0.0.1:58390"        [_thread_in_native, id=8, stack(0x000000f1ec100000,0x000000f1ec200000) (1024K)]
  0x0000020a7f90cda0 JavaThread "Cancel handler"                    [_thread_blocked, id=27228, stack(0x000000f1ec200000,0x000000f1ec300000) (1024K)]
  0x0000020a7f90d430 JavaThread "Asynchronous log dispatcher for DefaultDaemonConnection: socket connection from /127.0.0.1:58342 to /127.0.0.1:58390"        [_thread_blocked, id=1068, stack(0x000000f1ec500000,0x000000f1ec600000) (1024K)]
  0x0000020a7f910f40 JavaThread "Stdin handler"                     [_thread_blocked, id=15484, stack(0x000000f1ec600000,0x000000f1ec700000) (1024K)]
  0x0000020a7f90dac0 JavaThread "Daemon client event forwarder"        [_thread_blocked, id=23176, stack(0x000000f1ece00000,0x000000f1ecf00000) (1024K)]
  0x0000020a7f9122f0 JavaThread "Cache worker for file hash cache (D:\Coding Apps\React_Apps\Khompatek(kts)\android\.gradle\8.11.1\fileHashes)"        [_thread_blocked, id=21176, stack(0x000000f1ed500000,0x000000f1ed600000) (1024K)]
  0x0000020a7f9143c0 JavaThread "Cache worker for Build Output Cleanup Cache (D:\Coding Apps\React_Apps\Khompatek(kts)\android\.gradle\buildOutputCleanup)"        [_thread_blocked, id=4400, stack(0x000000f1ecf00000,0x000000f1ed000000) (1024K)]
=>0x0000020a0199b750 JavaThread "C2 CompilerThread1"         daemon [_thread_in_native, id=15644, stack(0x000000f1ed600000,0x000000f1ed700000) (1024K)]
  0x0000020a7f912980 JavaThread "Cache worker for checksums cache (D:\Coding Apps\React_Apps\Khompatek(kts)\android\.gradle\8.11.1\checksums)"        [_thread_blocked, id=17424, stack(0x000000f1ed700000,0x000000f1ed800000) (1024K)]
  0x0000020a7f9136a0 JavaThread "Cache worker for cache directory md-rule (C:\Users\User\.gradle\caches\8.11.1\md-rule)"        [_thread_blocked, id=23324, stack(0x000000f1edd00000,0x000000f1ede00000) (1024K)]
  0x0000020a7f913010 JavaThread "Cache worker for cache directory md-supplier (C:\Users\User\.gradle\caches\8.11.1\md-supplier)"        [_thread_blocked, id=17188, stack(0x000000f1ede00000,0x000000f1edf00000) (1024K)]
  0x0000020a00673cc0 JavaThread "Problems report writer"            [_thread_blocked, id=7496, stack(0x000000f1edf00000,0x000000f1ee000000) (1024K)]
Total: 44

Other Threads:
  0x0000020a36bba120 VMThread "VM Thread"                           [id=18788, stack(0x000000f1ead00000,0x000000f1eae00000) (1024K)]
  0x0000020a36ba9b80 WatcherThread "VM Periodic Task Thread"        [id=27828, stack(0x000000f1eac00000,0x000000f1ead00000) (1024K)]
  0x0000020a1f6d7410 WorkerThread "GC Thread#0"                     [id=17692, stack(0x000000f1ea700000,0x000000f1ea800000) (1024K)]
  0x0000020a7c52b180 WorkerThread "GC Thread#1"                     [id=28936, stack(0x000000f1eb800000,0x000000f1eb900000) (1024K)]
  0x0000020a7c576400 WorkerThread "GC Thread#2"                     [id=720, stack(0x000000f1eb900000,0x000000f1eba00000) (1024K)]
  0x0000020a7cdcf090 WorkerThread "GC Thread#3"                     [id=23236, stack(0x000000f1eba00000,0x000000f1ebb00000) (1024K)]
  0x0000020a7cef07b0 WorkerThread "GC Thread#4"                     [id=5936, stack(0x000000f1ebb00000,0x000000f1ebc00000) (1024K)]
  0x0000020a7dd044d0 WorkerThread "GC Thread#5"                     [id=13348, stack(0x000000f1ebc00000,0x000000f1ebd00000) (1024K)]
  0x0000020a7dd52510 WorkerThread "GC Thread#6"                     [id=28132, stack(0x000000f1eca00000,0x000000f1ecb00000) (1024K)]
  0x0000020a7dd528b0 WorkerThread "GC Thread#7"                     [id=19956, stack(0x000000f1ecb00000,0x000000f1ecc00000) (1024K)]
  0x0000020a1f6e5180 ConcurrentGCThread "G1 Main Marker"            [id=28760, stack(0x000000f1ea800000,0x000000f1ea900000) (1024K)]
  0x0000020a1f6e5b90 WorkerThread "G1 Conc#0"                       [id=12868, stack(0x000000f1ea900000,0x000000f1eaa00000) (1024K)]
  0x0000020a7e6f1940 WorkerThread "G1 Conc#1"                       [id=26932, stack(0x000000f1ecd00000,0x000000f1ece00000) (1024K)]
  0x0000020a1f74ea50 ConcurrentGCThread "G1 Refine#0"               [id=29612, stack(0x000000f1eaa00000,0x000000f1eab00000) (1024K)]
  0x0000020a36a6a5d0 ConcurrentGCThread "G1 Service"                [id=18868, stack(0x000000f1eab00000,0x000000f1eac00000) (1024K)]
Total: 15

Threads with active compile tasks:
C2 CompilerThread1  30768 10392       4       com.google.common.collect.ImmutableSet::copyOf (76 bytes)
Total: 1

VM state: not at safepoint (normal execution)

VM Mutex/Monitor currently owned by a thread: None

Heap address: 0x00000000a0000000, size: 1536 MB, Compressed Oops mode: 32-bit

CDS archive(s) mapped at: [0x0000020a37000000-0x0000020a37ba0000-0x0000020a37ba0000), size 12189696, SharedBaseAddress: 0x0000020a37000000, ArchiveRelocationMode: 1.
Compressed class space mapped at: 0x0000020a38000000-0x0000020a78000000, reserved size: 1073741824
Narrow klass base: 0x0000020a37000000, Narrow klass shift: 0, Narrow klass range: 0x100000000

GC Precious Log:
 CardTable entry size: 512
 Card Set container configuration: InlinePtr #cards 5 size 8 Array Of Cards #cards 12 size 40 Howl #buckets 4 coarsen threshold 1843 Howl Bitmap #cards 512 size 80 coarsen threshold 460 Card regions per heap region 1 cards per card region 2048
 CPUs: 8 total, 8 available
 Memory: 7894M
 Large Page Support: Disabled
 NUMA Support: Disabled
 Compressed Oops: Enabled (32-bit)
 Heap Region Size: 1M
 Heap Min Capacity: 8M
 Heap Initial Capacity: 124M
 Heap Max Capacity: 1536M
 Pre-touch: Disabled
 Parallel Workers: 8
 Concurrent Workers: 2
 Concurrent Refinement Workers: 8
 Periodic GC: Disabled

Heap:
 garbage-first heap   total 126976K, used 94461K [0x00000000a0000000, 0x0000000100000000)
  region size 1024K, 20 young (20480K), 5 survivors (5120K)
 Metaspace       used 67984K, committed 70016K, reserved 1114112K
  class space    used 9418K, committed 10432K, reserved 1048576K

Heap Regions: E=young(eden), S=young(survivor), O=old, HS=humongous(starts), HC=humongous(continues), CS=collection set, F=free, TAMS=top-at-mark-start, PB=parsable bottom
|   0|0x00000000a0000000, 0x00000000a0100000, 0x00000000a0100000|100%| O|  |TAMS 0x00000000a0000000| PB 0x00000000a0000000| Untracked 
|   1|0x00000000a0100000, 0x00000000a0200000, 0x00000000a0200000|100%|HS|  |TAMS 0x00000000a0100000| PB 0x00000000a0100000| Complete 
|   2|0x00000000a0200000, 0x00000000a0300000, 0x00000000a0300000|100%|HC|  |TAMS 0x00000000a0200000| PB 0x00000000a0200000| Complete 
|   3|0x00000000a0300000, 0x00000000a0400000, 0x00000000a0400000|100%|HC|  |TAMS 0x00000000a0300000| PB 0x00000000a0300000| Complete 
|   4|0x00000000a0400000, 0x00000000a0500000, 0x00000000a0500000|100%| O|  |TAMS 0x00000000a0400000| PB 0x00000000a0400000| Untracked 
|   5|0x00000000a0500000, 0x00000000a0600000, 0x00000000a0600000|100%| O|  |TAMS 0x00000000a0500000| PB 0x00000000a0500000| Untracked 
|   6|0x00000000a0600000, 0x00000000a0700000, 0x00000000a0700000|100%|HS|  |TAMS 0x00000000a0600000| PB 0x00000000a0600000| Complete 
|   7|0x00000000a0700000, 0x00000000a0800000, 0x00000000a0800000|100%| O|  |TAMS 0x00000000a0700000| PB 0x00000000a0700000| Untracked 
|   8|0x00000000a0800000, 0x00000000a0900000, 0x00000000a0900000|100%| O|  |TAMS 0x00000000a0800000| PB 0x00000000a0800000| Untracked 
|   9|0x00000000a0900000, 0x00000000a0a00000, 0x00000000a0a00000|100%| O|  |TAMS 0x00000000a0900000| PB 0x00000000a0900000| Untracked 
|  10|0x00000000a0a00000, 0x00000000a0b00000, 0x00000000a0b00000|100%| O|  |TAMS 0x00000000a0a00000| PB 0x00000000a0a00000| Untracked 
|  11|0x00000000a0b00000, 0x00000000a0c00000, 0x00000000a0c00000|100%| O|  |TAMS 0x00000000a0b00000| PB 0x00000000a0b00000| Untracked 
|  12|0x00000000a0c00000, 0x00000000a0d00000, 0x00000000a0d00000|100%| O|  |TAMS 0x00000000a0c00000| PB 0x00000000a0c00000| Untracked 
|  13|0x00000000a0d00000, 0x00000000a0e00000, 0x00000000a0e00000|100%| O|  |TAMS 0x00000000a0d00000| PB 0x00000000a0d00000| Untracked 
|  14|0x00000000a0e00000, 0x00000000a0f00000, 0x00000000a0f00000|100%| O|  |TAMS 0x00000000a0e00000| PB 0x00000000a0e00000| Untracked 
|  15|0x00000000a0f00000, 0x00000000a1000000, 0x00000000a1000000|100%| O|  |TAMS 0x00000000a0f00000| PB 0x00000000a0f00000| Untracked 
|  16|0x00000000a1000000, 0x00000000a1100000, 0x00000000a1100000|100%| O|  |TAMS 0x00000000a1000000| PB 0x00000000a1000000| Untracked 
|  17|0x00000000a1100000, 0x00000000a1200000, 0x00000000a1200000|100%| O|  |TAMS 0x00000000a1100000| PB 0x00000000a1100000| Untracked 
|  18|0x00000000a1200000, 0x00000000a1300000, 0x00000000a1300000|100%| O|  |TAMS 0x00000000a1200000| PB 0x00000000a1200000| Untracked 
|  19|0x00000000a1300000, 0x00000000a1400000, 0x00000000a1400000|100%| O|  |TAMS 0x00000000a1300000| PB 0x00000000a1300000| Untracked 
|  20|0x00000000a1400000, 0x00000000a1500000, 0x00000000a1500000|100%| O|  |TAMS 0x00000000a1400000| PB 0x00000000a1400000| Untracked 
|  21|0x00000000a1500000, 0x00000000a1600000, 0x00000000a1600000|100%| O|  |TAMS 0x00000000a1500000| PB 0x00000000a1500000| Untracked 
|  22|0x00000000a1600000, 0x00000000a1700000, 0x00000000a1700000|100%| O|  |TAMS 0x00000000a1600000| PB 0x00000000a1600000| Untracked 
|  23|0x00000000a1700000, 0x00000000a1800000, 0x00000000a1800000|100%| O|  |TAMS 0x00000000a1700000| PB 0x00000000a1700000| Untracked 
|  24|0x00000000a1800000, 0x00000000a1900000, 0x00000000a1900000|100%| O|  |TAMS 0x00000000a1800000| PB 0x00000000a1800000| Untracked 
|  25|0x00000000a1900000, 0x00000000a1a00000, 0x00000000a1a00000|100%| O|  |TAMS 0x00000000a1900000| PB 0x00000000a1900000| Untracked 
|  26|0x00000000a1a00000, 0x00000000a1b00000, 0x00000000a1b00000|100%| O|  |TAMS 0x00000000a1a00000| PB 0x00000000a1a00000| Untracked 
|  27|0x00000000a1b00000, 0x00000000a1c00000, 0x00000000a1c00000|100%| O|  |TAMS 0x00000000a1b00000| PB 0x00000000a1b00000| Untracked 
|  28|0x00000000a1c00000, 0x00000000a1d00000, 0x00000000a1d00000|100%| O|  |TAMS 0x00000000a1c00000| PB 0x00000000a1c00000| Untracked 
|  29|0x00000000a1d00000, 0x00000000a1d00000, 0x00000000a1e00000|  0%| F|  |TAMS 0x00000000a1d00000| PB 0x00000000a1d00000| Untracked 
|  30|0x00000000a1e00000, 0x00000000a1f00000, 0x00000000a1f00000|100%| O|  |TAMS 0x00000000a1e00000| PB 0x00000000a1e00000| Untracked 
|  31|0x00000000a1f00000, 0x00000000a2000000, 0x00000000a2000000|100%| O|  |TAMS 0x00000000a1f00000| PB 0x00000000a1f00000| Untracked 
|  32|0x00000000a2000000, 0x00000000a2100000, 0x00000000a2100000|100%| O|  |TAMS 0x00000000a2000000| PB 0x00000000a2000000| Untracked 
|  33|0x00000000a2100000, 0x00000000a2200000, 0x00000000a2200000|100%| O|  |TAMS 0x00000000a2100000| PB 0x00000000a2100000| Untracked 
|  34|0x00000000a2200000, 0x00000000a2300000, 0x00000000a2300000|100%| O|  |TAMS 0x00000000a2200000| PB 0x00000000a2200000| Untracked 
|  35|0x00000000a2300000, 0x00000000a2400000, 0x00000000a2400000|100%| O|  |TAMS 0x00000000a2300000| PB 0x00000000a2300000| Untracked 
|  36|0x00000000a2400000, 0x00000000a2500000, 0x00000000a2500000|100%| O|  |TAMS 0x00000000a2400000| PB 0x00000000a2400000| Untracked 
|  37|0x00000000a2500000, 0x00000000a2600000, 0x00000000a2600000|100%| O|  |TAMS 0x00000000a2500000| PB 0x00000000a2500000| Untracked 
|  38|0x00000000a2600000, 0x00000000a2700000, 0x00000000a2700000|100%| O|  |TAMS 0x00000000a2600000| PB 0x00000000a2600000| Untracked 
|  39|0x00000000a2700000, 0x00000000a2800000, 0x00000000a2800000|100%| O|  |TAMS 0x00000000a2700000| PB 0x00000000a2700000| Untracked 
|  40|0x00000000a2800000, 0x00000000a2900000, 0x00000000a2900000|100%| O|  |TAMS 0x00000000a2800000| PB 0x00000000a2800000| Untracked 
|  41|0x00000000a2900000, 0x00000000a2a00000, 0x00000000a2a00000|100%| O|  |TAMS 0x00000000a2900000| PB 0x00000000a2900000| Untracked 
|  42|0x00000000a2a00000, 0x00000000a2b00000, 0x00000000a2b00000|100%| O|  |TAMS 0x00000000a2a00000| PB 0x00000000a2a00000| Untracked 
|  43|0x00000000a2b00000, 0x00000000a2c00000, 0x00000000a2c00000|100%| O|  |TAMS 0x00000000a2b00000| PB 0x00000000a2b00000| Untracked 
|  44|0x00000000a2c00000, 0x00000000a2d00000, 0x00000000a2d00000|100%| O|  |TAMS 0x00000000a2c00000| PB 0x00000000a2c00000| Untracked 
|  45|0x00000000a2d00000, 0x00000000a2e00000, 0x00000000a2e00000|100%| O|  |TAMS 0x00000000a2d00000| PB 0x00000000a2d00000| Untracked 
|  46|0x00000000a2e00000, 0x00000000a2e00000, 0x00000000a2f00000|  0%| F|  |TAMS 0x00000000a2e00000| PB 0x00000000a2e00000| Untracked 
|  47|0x00000000a2f00000, 0x00000000a3000000, 0x00000000a3000000|100%| O|  |TAMS 0x00000000a2f00000| PB 0x00000000a2f00000| Untracked 
|  48|0x00000000a3000000, 0x00000000a3100000, 0x00000000a3100000|100%| O|  |TAMS 0x00000000a3000000| PB 0x00000000a3000000| Untracked 
|  49|0x00000000a3100000, 0x00000000a3200000, 0x00000000a3200000|100%| O|  |TAMS 0x00000000a3100000| PB 0x00000000a3100000| Untracked 
|  50|0x00000000a3200000, 0x00000000a3300000, 0x00000000a3300000|100%| O|  |TAMS 0x00000000a3200000| PB 0x00000000a3200000| Untracked 
|  51|0x00000000a3300000, 0x00000000a3400000, 0x00000000a3400000|100%|HS|  |TAMS 0x00000000a3300000| PB 0x00000000a3300000| Complete 
|  52|0x00000000a3400000, 0x00000000a3500000, 0x00000000a3500000|100%|HS|  |TAMS 0x00000000a3400000| PB 0x00000000a3400000| Complete 
|  53|0x00000000a3500000, 0x00000000a3600000, 0x00000000a3600000|100%|HS|  |TAMS 0x00000000a3500000| PB 0x00000000a3500000| Complete 
|  54|0x00000000a3600000, 0x00000000a3700000, 0x00000000a3700000|100%|HS|  |TAMS 0x00000000a3600000| PB 0x00000000a3600000| Complete 
|  55|0x00000000a3700000, 0x00000000a3800000, 0x00000000a3800000|100%|HS|  |TAMS 0x00000000a3700000| PB 0x00000000a3700000| Complete 
|  56|0x00000000a3800000, 0x00000000a3900000, 0x00000000a3900000|100%|HS|  |TAMS 0x00000000a3800000| PB 0x00000000a3800000| Complete 
|  57|0x00000000a3900000, 0x00000000a3a00000, 0x00000000a3a00000|100%| O|  |TAMS 0x00000000a3900000| PB 0x00000000a3900000| Untracked 
|  58|0x00000000a3a00000, 0x00000000a3b00000, 0x00000000a3b00000|100%| O|  |TAMS 0x00000000a3a00000| PB 0x00000000a3a00000| Untracked 
|  59|0x00000000a3b00000, 0x00000000a3c00000, 0x00000000a3c00000|100%| O|  |TAMS 0x00000000a3b00000| PB 0x00000000a3b00000| Untracked 
|  60|0x00000000a3c00000, 0x00000000a3d00000, 0x00000000a3d00000|100%| O|  |TAMS 0x00000000a3c00000| PB 0x00000000a3c00000| Untracked 
|  61|0x00000000a3d00000, 0x00000000a3e00000, 0x00000000a3e00000|100%| O|  |TAMS 0x00000000a3d00000| PB 0x00000000a3d00000| Untracked 
|  62|0x00000000a3e00000, 0x00000000a3f00000, 0x00000000a3f00000|100%|HS|  |TAMS 0x00000000a3e00000| PB 0x00000000a3e00000| Complete 
|  63|0x00000000a3f00000, 0x00000000a4000000, 0x00000000a4000000|100%| O|  |TAMS 0x00000000a3f00000| PB 0x00000000a3f00000| Untracked 
|  64|0x00000000a4000000, 0x00000000a4100000, 0x00000000a4100000|100%| O|  |TAMS 0x00000000a4000000| PB 0x00000000a4000000| Untracked 
|  65|0x00000000a4100000, 0x00000000a4200000, 0x00000000a4200000|100%| O|  |TAMS 0x00000000a4100000| PB 0x00000000a4100000| Untracked 
|  66|0x00000000a4200000, 0x00000000a4300000, 0x00000000a4300000|100%| O|  |TAMS 0x00000000a4200000| PB 0x00000000a4200000| Untracked 
|  67|0x00000000a4300000, 0x00000000a4400000, 0x00000000a4400000|100%| O|  |TAMS 0x00000000a4300000| PB 0x00000000a4300000| Untracked 
|  68|0x00000000a4400000, 0x00000000a4500000, 0x00000000a4500000|100%| O|  |TAMS 0x00000000a4400000| PB 0x00000000a4400000| Untracked 
|  69|0x00000000a4500000, 0x00000000a4600000, 0x00000000a4600000|100%| O|  |TAMS 0x00000000a4500000| PB 0x00000000a4500000| Untracked 
|  70|0x00000000a4600000, 0x00000000a4700000, 0x00000000a4700000|100%| O|  |TAMS 0x00000000a4600000| PB 0x00000000a4600000| Untracked 
|  71|0x00000000a4700000, 0x00000000a4800000, 0x00000000a4800000|100%| O|  |TAMS 0x00000000a4700000| PB 0x00000000a4700000| Untracked 
|  72|0x00000000a4800000, 0x00000000a483f4d0, 0x00000000a4900000| 24%| O|  |TAMS 0x00000000a4800000| PB 0x00000000a4800000| Untracked 
|  73|0x00000000a4900000, 0x00000000a4900000, 0x00000000a4a00000|  0%| F|  |TAMS 0x00000000a4900000| PB 0x00000000a4900000| Untracked 
|  74|0x00000000a4a00000, 0x00000000a4a00000, 0x00000000a4b00000|  0%| F|  |TAMS 0x00000000a4a00000| PB 0x00000000a4a00000| Untracked 
|  75|0x00000000a4b00000, 0x00000000a4b00000, 0x00000000a4c00000|  0%| F|  |TAMS 0x00000000a4b00000| PB 0x00000000a4b00000| Untracked 
|  76|0x00000000a4c00000, 0x00000000a4d00000, 0x00000000a4d00000|100%| S|CS|TAMS 0x00000000a4c00000| PB 0x00000000a4c00000| Complete 
|  77|0x00000000a4d00000, 0x00000000a4e00000, 0x00000000a4e00000|100%| S|CS|TAMS 0x00000000a4d00000| PB 0x00000000a4d00000| Complete 
|  78|0x00000000a4e00000, 0x00000000a4f00000, 0x00000000a4f00000|100%| S|CS|TAMS 0x00000000a4e00000| PB 0x00000000a4e00000| Complete 
|  79|0x00000000a4f00000, 0x00000000a5000000, 0x00000000a5000000|100%| S|CS|TAMS 0x00000000a4f00000| PB 0x00000000a4f00000| Complete 
|  80|0x00000000a5000000, 0x00000000a5100000, 0x00000000a5100000|100%| S|CS|TAMS 0x00000000a5000000| PB 0x00000000a5000000| Complete 
|  81|0x00000000a5100000, 0x00000000a5100000, 0x00000000a5200000|  0%| F|  |TAMS 0x00000000a5100000| PB 0x00000000a5100000| Untracked 
|  82|0x00000000a5200000, 0x00000000a5200000, 0x00000000a5300000|  0%| F|  |TAMS 0x00000000a5200000| PB 0x00000000a5200000| Untracked 
|  83|0x00000000a5300000, 0x00000000a5300000, 0x00000000a5400000|  0%| F|  |TAMS 0x00000000a5300000| PB 0x00000000a5300000| Untracked 
|  84|0x00000000a5400000, 0x00000000a5400000, 0x00000000a5500000|  0%| F|  |TAMS 0x00000000a5400000| PB 0x00000000a5400000| Untracked 
|  85|0x00000000a5500000, 0x00000000a5500000, 0x00000000a5600000|  0%| F|  |TAMS 0x00000000a5500000| PB 0x00000000a5500000| Untracked 
|  86|0x00000000a5600000, 0x00000000a5600000, 0x00000000a5700000|  0%| F|  |TAMS 0x00000000a5600000| PB 0x00000000a5600000| Untracked 
|  87|0x00000000a5700000, 0x00000000a5700000, 0x00000000a5800000|  0%| F|  |TAMS 0x00000000a5700000| PB 0x00000000a5700000| Untracked 
|  88|0x00000000a5800000, 0x00000000a5800000, 0x00000000a5900000|  0%| F|  |TAMS 0x00000000a5800000| PB 0x00000000a5800000| Untracked 
|  89|0x00000000a5900000, 0x00000000a5900000, 0x00000000a5a00000|  0%| F|  |TAMS 0x00000000a5900000| PB 0x00000000a5900000| Untracked 
|  90|0x00000000a5a00000, 0x00000000a5a00000, 0x00000000a5b00000|  0%| F|  |TAMS 0x00000000a5a00000| PB 0x00000000a5a00000| Untracked 
|  91|0x00000000a5b00000, 0x00000000a5b00000, 0x00000000a5c00000|  0%| F|  |TAMS 0x00000000a5b00000| PB 0x00000000a5b00000| Untracked 
|  92|0x00000000a5c00000, 0x00000000a5c00000, 0x00000000a5d00000|  0%| F|  |TAMS 0x00000000a5c00000| PB 0x00000000a5c00000| Untracked 
|  93|0x00000000a5d00000, 0x00000000a5d00000, 0x00000000a5e00000|  0%| F|  |TAMS 0x00000000a5d00000| PB 0x00000000a5d00000| Untracked 
|  94|0x00000000a5e00000, 0x00000000a5e00000, 0x00000000a5f00000|  0%| F|  |TAMS 0x00000000a5e00000| PB 0x00000000a5e00000| Untracked 
|  95|0x00000000a5f00000, 0x00000000a5f00000, 0x00000000a6000000|  0%| F|  |TAMS 0x00000000a5f00000| PB 0x00000000a5f00000| Untracked 
|  96|0x00000000a6000000, 0x00000000a6000000, 0x00000000a6100000|  0%| F|  |TAMS 0x00000000a6000000| PB 0x00000000a6000000| Untracked 
|  97|0x00000000a6100000, 0x00000000a6100000, 0x00000000a6200000|  0%| F|  |TAMS 0x00000000a6100000| PB 0x00000000a6100000| Untracked 
|  98|0x00000000a6200000, 0x00000000a6200000, 0x00000000a6300000|  0%| F|  |TAMS 0x00000000a6200000| PB 0x00000000a6200000| Untracked 
|  99|0x00000000a6300000, 0x00000000a6300000, 0x00000000a6400000|  0%| F|  |TAMS 0x00000000a6300000| PB 0x00000000a6300000| Untracked 
| 100|0x00000000a6400000, 0x00000000a6400000, 0x00000000a6500000|  0%| F|  |TAMS 0x00000000a6400000| PB 0x00000000a6400000| Untracked 
| 101|0x00000000a6500000, 0x00000000a6500000, 0x00000000a6600000|  0%| F|  |TAMS 0x00000000a6500000| PB 0x00000000a6500000| Untracked 
| 102|0x00000000a6600000, 0x00000000a6600000, 0x00000000a6700000|  0%| F|  |TAMS 0x00000000a6600000| PB 0x00000000a6600000| Untracked 
| 103|0x00000000a6700000, 0x00000000a6700000, 0x00000000a6800000|  0%| F|  |TAMS 0x00000000a6700000| PB 0x00000000a6700000| Untracked 
| 104|0x00000000a6800000, 0x00000000a6800000, 0x00000000a6900000|  0%| F|  |TAMS 0x00000000a6800000| PB 0x00000000a6800000| Untracked 
| 105|0x00000000a6900000, 0x00000000a6900000, 0x00000000a6a00000|  0%| F|  |TAMS 0x00000000a6900000| PB 0x00000000a6900000| Untracked 
| 106|0x00000000a6a00000, 0x00000000a6a80000, 0x00000000a6b00000| 50%| E|  |TAMS 0x00000000a6a00000| PB 0x00000000a6a00000| Complete 
| 107|0x00000000a6b00000, 0x00000000a6c00000, 0x00000000a6c00000|100%| E|CS|TAMS 0x00000000a6b00000| PB 0x00000000a6b00000| Complete 
| 108|0x00000000a6c00000, 0x00000000a6d00000, 0x00000000a6d00000|100%| E|CS|TAMS 0x00000000a6c00000| PB 0x00000000a6c00000| Complete 
| 109|0x00000000a6d00000, 0x00000000a6e00000, 0x00000000a6e00000|100%| E|CS|TAMS 0x00000000a6d00000| PB 0x00000000a6d00000| Complete 
| 110|0x00000000a6e00000, 0x00000000a6f00000, 0x00000000a6f00000|100%| E|CS|TAMS 0x00000000a6e00000| PB 0x00000000a6e00000| Complete 
| 111|0x00000000a6f00000, 0x00000000a7000000, 0x00000000a7000000|100%| E|CS|TAMS 0x00000000a6f00000| PB 0x00000000a6f00000| Complete 
| 112|0x00000000a7000000, 0x00000000a7100000, 0x00000000a7100000|100%| E|CS|TAMS 0x00000000a7000000| PB 0x00000000a7000000| Complete 
| 113|0x00000000a7100000, 0x00000000a7200000, 0x00000000a7200000|100%| E|CS|TAMS 0x00000000a7100000| PB 0x00000000a7100000| Complete 
| 114|0x00000000a7200000, 0x00000000a7300000, 0x00000000a7300000|100%| E|CS|TAMS 0x00000000a7200000| PB 0x00000000a7200000| Complete 
| 115|0x00000000a7300000, 0x00000000a7400000, 0x00000000a7400000|100%| E|CS|TAMS 0x00000000a7300000| PB 0x00000000a7300000| Complete 
| 116|0x00000000a7400000, 0x00000000a7500000, 0x00000000a7500000|100%| E|CS|TAMS 0x00000000a7400000| PB 0x00000000a7400000| Complete 
| 117|0x00000000a7500000, 0x00000000a7600000, 0x00000000a7600000|100%| E|CS|TAMS 0x00000000a7500000| PB 0x00000000a7500000| Complete 
| 118|0x00000000a7600000, 0x00000000a7700000, 0x00000000a7700000|100%| E|CS|TAMS 0x00000000a7600000| PB 0x00000000a7600000| Complete 
| 119|0x00000000a7700000, 0x00000000a7800000, 0x00000000a7800000|100%| E|CS|TAMS 0x00000000a7700000| PB 0x00000000a7700000| Complete 
| 123|0x00000000a7b00000, 0x00000000a7c00000, 0x00000000a7c00000|100%| E|CS|TAMS 0x00000000a7b00000| PB 0x00000000a7b00000| Complete 
|1533|0x00000000ffd00000, 0x00000000ffe00000, 0x00000000ffe00000|100%| O|  |TAMS 0x00000000ffd00000| PB 0x00000000ffd00000| Untracked 
|1534|0x00000000ffe00000, 0x00000000fff00000, 0x00000000fff00000|100%| O|  |TAMS 0x00000000ffe00000| PB 0x00000000ffe00000| Untracked 
|1535|0x00000000fff00000, 0x0000000100000000, 0x0000000100000000|100%| O|  |TAMS 0x00000000fff00000| PB 0x00000000fff00000| Untracked 

Card table byte_map: [0x0000020a32690000,0x0000020a32990000] _byte_map_base: 0x0000020a32190000

Marking Bits: (CMBitMap*) 0x0000020a1f6d7a20
 Bits: [0x0000020a32990000, 0x0000020a34190000)

Polling page: 0x0000020a1dba0000

Metaspace:

Usage:
  Non-class:     57.19 MB used.
      Class:      9.20 MB used.
       Both:     66.39 MB used.

Virtual space:
  Non-class space:       64.00 MB reserved,      58.19 MB ( 91%) committed,  1 nodes.
      Class space:        1.00 GB reserved,      10.19 MB ( <1%) committed,  1 nodes.
             Both:        1.06 GB reserved,      68.38 MB (  6%) committed. 

Chunk freelists:
   Non-Class:  5.27 MB
       Class:  5.66 MB
        Both:  10.92 MB

MaxMetaspaceSize: unlimited
CompressedClassSpaceSize: 1.00 GB
Initial GC threshold: 21.00 MB
Current GC threshold: 110.62 MB
CDS: on
 - commit_granule_bytes: 65536.
 - commit_granule_words: 8192.
 - virtual_space_node_default_size: 8388608.
 - enlarge_chunks_in_place: 1.
 - use_allocation_guard: 0.


Internal statistics:

num_allocs_failed_limit: 12.
num_arena_births: 3592.
num_arena_deaths: 0.
num_vsnodes_births: 2.
num_vsnodes_deaths: 0.
num_space_committed: 1094.
num_space_uncommitted: 0.
num_chunks_returned_to_freelist: 12.
num_chunks_taken_from_freelist: 6845.
num_chunk_merges: 3.
num_chunk_splits: 4401.
num_chunks_enlarged: 2697.
num_inconsistent_stats: 0.

CodeHeap 'non-profiled nmethods': size=120000Kb used=5298Kb max_used=5298Kb free=114701Kb
 bounds [0x0000020a2a3f0000, 0x0000020a2a920000, 0x0000020a31920000]
CodeHeap 'profiled nmethods': size=120000Kb used=16087Kb max_used=16087Kb free=103912Kb
 bounds [0x0000020a22920000, 0x0000020a238e0000, 0x0000020a29e50000]
CodeHeap 'non-nmethods': size=5760Kb used=3052Kb max_used=3102Kb free=2708Kb
 bounds [0x0000020a29e50000, 0x0000020a2a170000, 0x0000020a2a3f0000]
 total_blobs=9586 nmethods=8675 adapters=814
 compilation: enabled
              stopped_count=0, restarted_count=0
 full_count=0

Compilation events (20 events):
Event: 29.706 Thread 0x0000020a36bfb820 10411       3       java.util.LinkedList::remove (77 bytes)
Event: 29.707 Thread 0x0000020a36be8810 nmethod 10416 0x0000020a2a91b390 code [0x0000020a2a91b540, 0x0000020a2a91b6b0]
Event: 29.707 Thread 0x0000020a36bfb820 nmethod 10411 0x0000020a238caf90 code [0x0000020a238cb1a0, 0x0000020a238cb690]
Event: 29.707 Thread 0x0000020a36bfb820 10417       3       org.gradle.api.internal.artifacts.ivyservice.resolveengine.graph.builder.NodeState::notNull (12 bytes)
Event: 29.707 Thread 0x0000020a36bfb820 nmethod 10417 0x0000020a2365a610 code [0x0000020a2365a7a0, 0x0000020a2365a8d8]
Event: 29.707 Thread 0x0000020a36bfb820 10418       1       org.gradle.internal.component.external.model.AbstractModuleComponentResolveMetadata::getPlatformOwners (5 bytes)
Event: 29.707 Thread 0x0000020a36bfb820 nmethod 10418 0x0000020a2a91b890 code [0x0000020a2a91ba20, 0x0000020a2a91bae8]
Event: 29.709 Thread 0x0000020a36bfb820 10419       3       org.gradle.api.internal.artifacts.ivyservice.resolveengine.graph.builder.ModuleSelectors::iterator (10 bytes)
Event: 29.710 Thread 0x0000020a36bfb820 nmethod 10419 0x0000020a238cb810 code [0x0000020a238cb9c0, 0x0000020a238cbb98]
Event: 29.710 Thread 0x0000020a36bfb820 10420       3       org.gradle.api.internal.artifacts.ivyservice.resolveengine.graph.builder.ModuleResolveState::getVersion (52 bytes)
Event: 29.711 Thread 0x0000020a36bfb820 nmethod 10420 0x0000020a238cbc90 code [0x0000020a238cbec0, 0x0000020a238cc780]
Event: 29.711 Thread 0x0000020a36bfb820 10421       3       org.gradle.api.internal.artifacts.ivyservice.resolveengine.graph.builder.ModuleResolveState$$Lambda/0x0000020a387bd210::<init> (20 bytes)
Event: 29.711 Thread 0x0000020a36bfb820 nmethod 10421 0x0000020a238cca10 code [0x0000020a238ccbc0, 0x0000020a238cce40]
Event: 29.716 Thread 0x0000020a36bfb820 10422       3       org.gradle.api.internal.artifacts.ivyservice.resolveengine.graph.builder.DependencyState::addSelectionReasons (50 bytes)
Event: 29.716 Thread 0x0000020a36bfb820 nmethod 10422 0x0000020a238ccf10 code [0x0000020a238cd140, 0x0000020a238cd868]
Event: 29.716 Thread 0x0000020a36bfb820 10423       3       org.gradle.api.internal.artifacts.ivyservice.resolveengine.graph.builder.SelectorState::trackDetailsForOverrideMetadata (107 bytes)
Event: 29.717 Thread 0x0000020a36bfb820 nmethod 10423 0x0000020a238cda10 code [0x0000020a238cdce0, 0x0000020a238ced68]
Event: 29.717 Thread 0x0000020a36bfb820 10424       3       org.gradle.internal.component.external.model.ExternalModuleDependencyMetadata::isTransitive (8 bytes)
Event: 29.717 Thread 0x0000020a36bfb820 nmethod 10424 0x0000020a238cf210 code [0x0000020a238cf3e0, 0x0000020a238cf800]
Event: 29.717 Thread 0x0000020a36bfb820 10425       3       org.gradle.internal.file.PathTraversalChecker::safePathName (30 bytes)

GC Heap History (20 events):
Event: 17.102 GC heap before
{Heap before GC invocations=18 (full 0):
 garbage-first heap   total 93184K, used 82256K [0x00000000a0000000, 0x0000000100000000)
  region size 1024K, 33 young (33792K), 3 survivors (3072K)
 Metaspace       used 53683K, committed 55488K, reserved 1114112K
  class space    used 7491K, committed 8384K, reserved 1048576K
}
Event: 17.106 GC heap after
{Heap after GC invocations=19 (full 0):
 garbage-first heap   total 93184K, used 53174K [0x00000000a0000000, 0x0000000100000000)
  region size 1024K, 3 young (3072K), 3 survivors (3072K)
 Metaspace       used 53683K, committed 55488K, reserved 1114112K
  class space    used 7491K, committed 8384K, reserved 1048576K
}
Event: 17.556 GC heap before
{Heap before GC invocations=19 (full 0):
 garbage-first heap   total 93184K, used 67510K [0x00000000a0000000, 0x0000000100000000)
  region size 1024K, 19 young (19456K), 3 survivors (3072K)
 Metaspace       used 53792K, committed 55616K, reserved 1114112K
  class space    used 7509K, committed 8384K, reserved 1048576K
}
Event: 17.562 GC heap after
{Heap after GC invocations=20 (full 0):
 garbage-first heap   total 93184K, used 54306K [0x00000000a0000000, 0x0000000100000000)
  region size 1024K, 3 young (3072K), 3 survivors (3072K)
 Metaspace       used 53792K, committed 55616K, reserved 1114112K
  class space    used 7509K, committed 8384K, reserved 1048576K
}
Event: 18.788 GC heap before
{Heap before GC invocations=21 (full 0):
 garbage-first heap   total 96256K, used 88098K [0x00000000a0000000, 0x0000000100000000)
  region size 1024K, 31 young (31744K), 3 survivors (3072K)
 Metaspace       used 55352K, committed 57216K, reserved 1114112K
  class space    used 7729K, committed 8640K, reserved 1048576K
}
Event: 18.796 GC heap after
{Heap after GC invocations=22 (full 0):
 garbage-first heap   total 99328K, used 65798K [0x00000000a0000000, 0x0000000100000000)
  region size 1024K, 4 young (4096K), 4 survivors (4096K)
 Metaspace       used 55352K, committed 57216K, reserved 1114112K
  class space    used 7729K, committed 8640K, reserved 1048576K
}
Event: 19.404 GC heap before
{Heap before GC invocations=22 (full 0):
 garbage-first heap   total 99328K, used 88326K [0x00000000a0000000, 0x0000000100000000)
  region size 1024K, 26 young (26624K), 4 survivors (4096K)
 Metaspace       used 57272K, committed 59200K, reserved 1114112K
  class space    used 7967K, committed 8896K, reserved 1048576K
}
Event: 19.408 GC heap after
{Heap after GC invocations=23 (full 0):
 garbage-first heap   total 99328K, used 67876K [0x00000000a0000000, 0x0000000100000000)
  region size 1024K, 2 young (2048K), 2 survivors (2048K)
 Metaspace       used 57272K, committed 59200K, reserved 1114112K
  class space    used 7967K, committed 8896K, reserved 1048576K
}
Event: 19.919 GC heap before
{Heap before GC invocations=23 (full 0):
 garbage-first heap   total 99328K, used 89380K [0x00000000a0000000, 0x0000000100000000)
  region size 1024K, 24 young (24576K), 2 survivors (2048K)
 Metaspace       used 59820K, committed 61696K, reserved 1114112K
  class space    used 8247K, committed 9152K, reserved 1048576K
}
Event: 19.922 GC heap after
{Heap after GC invocations=24 (full 0):
 garbage-first heap   total 99328K, used 68268K [0x00000000a0000000, 0x0000000100000000)
  region size 1024K, 3 young (3072K), 3 survivors (3072K)
 Metaspace       used 59820K, committed 61696K, reserved 1114112K
  class space    used 8247K, committed 9152K, reserved 1048576K
}
Event: 20.528 GC heap before
{Heap before GC invocations=25 (full 0):
 garbage-first heap   total 116736K, used 87724K [0x00000000a0000000, 0x0000000100000000)
  region size 1024K, 22 young (22528K), 3 survivors (3072K)
 Metaspace       used 61691K, committed 63680K, reserved 1114112K
  class space    used 8565K, committed 9536K, reserved 1048576K
}
Event: 20.534 GC heap after
{Heap after GC invocations=26 (full 0):
 garbage-first heap   total 116736K, used 68970K [0x00000000a0000000, 0x0000000100000000)
  region size 1024K, 2 young (2048K), 2 survivors (2048K)
 Metaspace       used 61691K, committed 63680K, reserved 1114112K
  class space    used 8565K, committed 9536K, reserved 1048576K
}
Event: 21.423 GC heap before
{Heap before GC invocations=26 (full 0):
 garbage-first heap   total 116736K, used 108906K [0x00000000a0000000, 0x0000000100000000)
  region size 1024K, 36 young (36864K), 2 survivors (2048K)
 Metaspace       used 63539K, committed 65536K, reserved 1114112K
  class space    used 8821K, committed 9792K, reserved 1048576K
}
Event: 21.431 GC heap after
{Heap after GC invocations=27 (full 0):
 garbage-first heap   total 116736K, used 73316K [0x00000000a0000000, 0x0000000100000000)
  region size 1024K, 5 young (5120K), 5 survivors (5120K)
 Metaspace       used 63539K, committed 65536K, reserved 1114112K
  class space    used 8821K, committed 9792K, reserved 1048576K
}
Event: 22.253 GC heap before
{Heap before GC invocations=27 (full 0):
 garbage-first heap   total 116736K, used 104036K [0x00000000a0000000, 0x0000000100000000)
  region size 1024K, 35 young (35840K), 5 survivors (5120K)
 Metaspace       used 65825K, committed 67840K, reserved 1114112K
  class space    used 9112K, committed 10112K, reserved 1048576K
}
Event: 22.261 GC heap after
{Heap after GC invocations=28 (full 0):
 garbage-first heap   total 116736K, used 75390K [0x00000000a0000000, 0x0000000100000000)
  region size 1024K, 2 young (2048K), 2 survivors (2048K)
 Metaspace       used 65825K, committed 67840K, reserved 1114112K
  class space    used 9112K, committed 10112K, reserved 1048576K
}
Event: 23.466 GC heap before
{Heap before GC invocations=29 (full 0):
 garbage-first heap   total 126976K, used 106110K [0x00000000a0000000, 0x0000000100000000)
  region size 1024K, 32 young (32768K), 2 survivors (2048K)
 Metaspace       used 66593K, committed 68672K, reserved 1114112K
  class space    used 9233K, committed 10240K, reserved 1048576K
}
Event: 23.471 GC heap after
{Heap after GC invocations=30 (full 0):
 garbage-first heap   total 126976K, used 77824K [0x00000000a0000000, 0x0000000100000000)
  region size 1024K, 4 young (4096K), 4 survivors (4096K)
 Metaspace       used 66593K, committed 68672K, reserved 1114112K
  class space    used 9233K, committed 10240K, reserved 1048576K
}
Event: 24.902 GC heap before
{Heap before GC invocations=30 (full 0):
 garbage-first heap   total 126976K, used 114688K [0x00000000a0000000, 0x0000000100000000)
  region size 1024K, 40 young (40960K), 4 survivors (4096K)
 Metaspace       used 67706K, committed 69696K, reserved 1114112K
  class space    used 9394K, committed 10368K, reserved 1048576K
}
Event: 24.910 GC heap after
{Heap after GC invocations=31 (full 0):
 garbage-first heap   total 126976K, used 80125K [0x00000000a0000000, 0x0000000100000000)
  region size 1024K, 5 young (5120K), 5 survivors (5120K)
 Metaspace       used 67706K, committed 69696K, reserved 1114112K
  class space    used 9394K, committed 10368K, reserved 1048576K
}

Dll operation events (14 events):
Event: 0.009 Loaded shared library C:\Users\User\.vscode\extensions\redhat.java-1.43.0-win32-x64\jre\21.0.7-win32-x86_64\bin\java.dll
Event: 0.072 Loaded shared library C:\Users\User\.vscode\extensions\redhat.java-1.43.0-win32-x64\jre\21.0.7-win32-x86_64\bin\zip.dll
Event: 0.101 Loaded shared library C:\Users\User\.vscode\extensions\redhat.java-1.43.0-win32-x64\jre\21.0.7-win32-x86_64\bin\instrument.dll
Event: 0.105 Loaded shared library C:\Users\User\.vscode\extensions\redhat.java-1.43.0-win32-x64\jre\21.0.7-win32-x86_64\bin\net.dll
Event: 0.109 Loaded shared library C:\Users\User\.vscode\extensions\redhat.java-1.43.0-win32-x64\jre\21.0.7-win32-x86_64\bin\nio.dll
Event: 0.114 Loaded shared library C:\Users\User\.vscode\extensions\redhat.java-1.43.0-win32-x64\jre\21.0.7-win32-x86_64\bin\zip.dll
Event: 0.371 Loaded shared library C:\Users\User\.vscode\extensions\redhat.java-1.43.0-win32-x64\jre\21.0.7-win32-x86_64\bin\jimage.dll
Event: 0.581 Loaded shared library C:\Users\User\.vscode\extensions\redhat.java-1.43.0-win32-x64\jre\21.0.7-win32-x86_64\bin\verify.dll
Event: 0.822 Loaded shared library C:\Users\User\.gradle\native\c067742578af261105cb4f569cf0c3c89f3d7b1fecec35dd04571415982c5e48\windows-amd64\native-platform.dll
Event: 0.839 Loaded shared library C:\Users\User\.gradle\native\100fb08df4bc3b14c8652ba06237920a3bd2aa13389f12d3474272988ae205f9\windows-amd64\native-platform-file-events.dll
Event: 1.994 Loaded shared library C:\Users\User\.vscode\extensions\redhat.java-1.43.0-win32-x64\jre\21.0.7-win32-x86_64\bin\management.dll
Event: 1.997 Loaded shared library C:\Users\User\.vscode\extensions\redhat.java-1.43.0-win32-x64\jre\21.0.7-win32-x86_64\bin\management_ext.dll
Event: 2.300 Loaded shared library C:\Users\User\.vscode\extensions\redhat.java-1.43.0-win32-x64\jre\21.0.7-win32-x86_64\bin\extnet.dll
Event: 2.536 Loaded shared library C:\Users\User\.vscode\extensions\redhat.java-1.43.0-win32-x64\jre\21.0.7-win32-x86_64\bin\sunmscapi.dll

Deoptimization events (20 events):
Event: 29.506 Thread 0x0000020a7defc400 Uncommon trap: trap_request=0xfffffff4 fr.pc=0x0000020a2a73abcc relative=0x000000000000052c
Event: 29.506 Thread 0x0000020a7defc400 Uncommon trap: reason=null_check action=make_not_entrant pc=0x0000020a2a73abcc method=org.gradle.util.internal.SimpleMapInterner.intern(Ljava/lang/Object;)Ljava/lang/Object; @ 2 c2
Event: 29.506 Thread 0x0000020a7defc400 DEOPT PACKING pc=0x0000020a2a73abcc sp=0x000000f1ec3f7830
Event: 29.506 Thread 0x0000020a7defc400 DEOPT UNPACKING pc=0x0000020a29ea7da2 sp=0x000000f1ec3f77e8 mode 2
Event: 29.514 Thread 0x0000020a7defc400 Uncommon trap: trap_request=0xffffff66 fr.pc=0x0000020a2a57c898 relative=0x00000000000014b8
Event: 29.514 Thread 0x0000020a7defc400 Uncommon trap: reason=speculate_class_check action=maybe_recompile pc=0x0000020a2a57c898 method=com.google.common.collect.MapMakerInternalMap$Segment.runLockedCleanup()V @ 8 c2
Event: 29.514 Thread 0x0000020a7defc400 DEOPT PACKING pc=0x0000020a2a57c898 sp=0x000000f1ec3f8500
Event: 29.514 Thread 0x0000020a7defc400 DEOPT UNPACKING pc=0x0000020a29ea7da2 sp=0x000000f1ec3f8300 mode 2
Event: 29.516 Thread 0x0000020a7defc400 Uncommon trap: trap_request=0xffffffc6 fr.pc=0x0000020a2a5bb6ac relative=0x00000000000002ac
Event: 29.516 Thread 0x0000020a7defc400 Uncommon trap: reason=bimorphic_or_optimized_type_check action=maybe_recompile pc=0x0000020a2a5bb6ac method=com.google.common.collect.ImmutableList.copyOf(Ljava/util/Collection;)Lcom/google/common/collect/ImmutableList; @ 11 c2
Event: 29.516 Thread 0x0000020a7defc400 DEOPT PACKING pc=0x0000020a2a5bb6ac sp=0x000000f1ec3f81f0
Event: 29.516 Thread 0x0000020a7defc400 DEOPT UNPACKING pc=0x0000020a29ea7da2 sp=0x000000f1ec3f81b8 mode 2
Event: 29.543 Thread 0x0000020a7defc400 Uncommon trap: trap_request=0xffffff66 fr.pc=0x0000020a2a57c898 relative=0x00000000000014b8
Event: 29.543 Thread 0x0000020a7defc400 Uncommon trap: reason=speculate_class_check action=maybe_recompile pc=0x0000020a2a57c898 method=com.google.common.collect.MapMakerInternalMap$Segment.runLockedCleanup()V @ 8 c2
Event: 29.543 Thread 0x0000020a7defc400 DEOPT PACKING pc=0x0000020a2a57c898 sp=0x000000f1ec3f7410
Event: 29.543 Thread 0x0000020a7defc400 DEOPT UNPACKING pc=0x0000020a29ea7da2 sp=0x000000f1ec3f7210 mode 2
Event: 29.543 Thread 0x0000020a7defc400 Uncommon trap: trap_request=0xffffffc6 fr.pc=0x0000020a2a5bd354 relative=0x0000000000000374
Event: 29.543 Thread 0x0000020a7defc400 Uncommon trap: reason=bimorphic_or_optimized_type_check action=maybe_recompile pc=0x0000020a2a5bd354 method=com.google.common.collect.NaturalOrdering.compare(Ljava/lang/Comparable;Ljava/lang/Comparable;)I @ 12 c2
Event: 29.543 Thread 0x0000020a7defc400 DEOPT PACKING pc=0x0000020a2a5bd354 sp=0x000000f1ec3f6f90
Event: 29.543 Thread 0x0000020a7defc400 DEOPT UNPACKING pc=0x0000020a29ea7da2 sp=0x000000f1ec3f6eb8 mode 2

Classes loaded (20 events):
Event: 24.433 Loading class sun/nio/fs/WindowsFileCopy
Event: 24.433 Loading class sun/nio/fs/WindowsFileCopy done
Event: 24.468 Loading class sun/nio/fs/WindowsSecurity$Privilege
Event: 24.469 Loading class sun/nio/fs/WindowsSecurity$Privilege done
Event: 24.670 Loading class java/util/concurrent/ConcurrentLinkedQueue$Itr
Event: 24.672 Loading class java/util/concurrent/ConcurrentLinkedQueue$Itr done
Event: 24.675 Loading class java/util/concurrent/locks/AbstractQueuedSynchronizer$SharedNode
Event: 24.683 Loading class java/util/concurrent/locks/AbstractQueuedSynchronizer$SharedNode done
Event: 24.786 Loading class java/util/Collections$EmptyListIterator
Event: 24.795 Loading class java/util/Collections$EmptyListIterator done
Event: 24.960 Loading class java/time/Instant$1
Event: 24.962 Loading class java/time/Instant$1 done
Event: 25.119 Loading class java/net/UrlDeserializedState
Event: 25.120 Loading class java/net/UrlDeserializedState done
Event: 25.124 Loading class java/net/Proxy
Event: 25.125 Loading class java/net/Proxy done
Event: 25.143 Loading class java/util/concurrent/CompletableFuture$AsyncRun
Event: 25.144 Loading class java/util/concurrent/CompletableFuture$AsyncRun done
Event: 27.398 Loading class jdk/internal/math/FormattedFPDecimal
Event: 27.399 Loading class jdk/internal/math/FormattedFPDecimal done

Classes unloaded (0 events):
No events

Classes redefined (0 events):
No events

Internal exceptions (20 events):
Event: 24.350 Thread 0x0000020a7df0d3a0 Exception <a 'java/lang/NoSuchMethodError'{0x00000000a5b95e28}: static Lorg/gradle/internal/build/event/types/DefaultProjectConfigurationFailureResult;.<clinit>()V> (0x00000000a5b95e28) 
thrown [s\src\hotspot\share\prims\jni.cpp, line 1111]
Event: 24.365 Thread 0x0000020a7df0d3a0 Implicit null exception at 0x0000020a2a7efc8b to 0x0000020a2a7efd4c
Event: 24.388 Thread 0x0000020a7defc400 Exception <a 'java/lang/NoSuchMethodError'{0x00000000a5603e20}: 'void java.lang.invoke.DirectMethodHandle$Holder.invokeInterface(java.lang.Object, java.lang.Object, java.lang.Object, int)'> (0x00000000a5603e20) 
thrown [s\src\hotspot\share\interpreter\linkResolver.cpp, line 773]
Event: 24.389 Thread 0x0000020a7defc400 Exception <a 'java/lang/IncompatibleClassChangeError'{0x00000000a56079d0}: Found class java.lang.Object, but interface was expected> (0x00000000a56079d0) 
thrown [s\src\hotspot\share\interpreter\linkResolver.cpp, line 840]
Event: 24.394 Thread 0x0000020a7defc400 Exception <a 'java/lang/NoSuchMethodError'{0x00000000a560be38}: 'void java.lang.invoke.DelegatingMethodHandle$Holder.reinvoke_L(java.lang.Object, java.lang.Object, java.lang.Object, int)'> (0x00000000a560be38) 
thrown [s\src\hotspot\share\interpreter\linkResolver.cpp, line 773]
Event: 24.434 Thread 0x0000020a7e7e4240 Exception <a 'sun/nio/fs/WindowsException'{0x00000000a569cae0}> (0x00000000a569cae0) 
thrown [s\src\hotspot\share\prims\jni.cpp, line 520]
Event: 24.434 Thread 0x0000020a7e7e4240 Exception <a 'sun/nio/fs/WindowsException'{0x00000000a569cd70}> (0x00000000a569cd70) 
thrown [s\src\hotspot\share\prims\jni.cpp, line 520]
Event: 24.478 Thread 0x0000020a7e7e4240 Exception <a 'sun/nio/fs/WindowsException'{0x00000000a56e01e8}> (0x00000000a56e01e8) 
thrown [s\src\hotspot\share\prims\jni.cpp, line 520]
Event: 24.487 Thread 0x0000020a7defc400 Implicit null exception at 0x0000020a2a572f8b to 0x0000020a2a5731ae
Event: 24.529 Thread 0x0000020a7defc400 Exception <a 'java/lang/NoSuchMethodError'{0x00000000a567d538}: 'void java.lang.invoke.DirectMethodHandle$Holder.invokeStatic(java.lang.Object, int, java.lang.Object)'> (0x00000000a567d538) 
thrown [s\src\hotspot\share\interpreter\linkResolver.cpp, line 773]
Event: 24.648 Thread 0x0000020a7defc400 Exception <a 'java/lang/IncompatibleClassChangeError'{0x00000000a5482430}: Found class java.lang.Object, but interface was expected> (0x00000000a5482430) 
thrown [s\src\hotspot\share\interpreter\linkResolver.cpp, line 840]
Event: 24.714 Thread 0x0000020a7defc400 Exception <a 'java/lang/IncompatibleClassChangeError'{0x00000000a53a4130}: Found class java.lang.Object, but interface was expected> (0x00000000a53a4130) 
thrown [s\src\hotspot\share\interpreter\linkResolver.cpp, line 840]
Event: 24.833 Thread 0x0000020a7defc400 Exception <a 'sun/nio/fs/WindowsException'{0x00000000a5178ed0}> (0x00000000a5178ed0) 
thrown [s\src\hotspot\share\prims\jni.cpp, line 520]
Event: 25.118 Thread 0x0000020a7de02500 Exception <a 'java/lang/NoSuchMethodError'{0x00000000a77e14b0}: static Lorg/gradle/internal/classloader/ClassLoaderSpec;.<clinit>()V> (0x00000000a77e14b0) 
thrown [s\src\hotspot\share\prims\jni.cpp, line 1111]
Event: 25.119 Thread 0x0000020a7de02500 Exception <a 'java/lang/NoSuchMethodError'{0x00000000a77f10f8}: static Lorg/gradle/internal/classloader/VisitableURLClassLoader$Spec;.<clinit>()V> (0x00000000a77f10f8) 
thrown [s\src\hotspot\share\prims\jni.cpp, line 1111]
Event: 29.388 Thread 0x0000020a7defc400 Exception <a 'sun/nio/fs/WindowsException'{0x00000000a7125d98}> (0x00000000a7125d98) 
thrown [s\src\hotspot\share\prims\jni.cpp, line 520]
Event: 29.389 Thread 0x0000020a7defc400 Exception <a 'sun/nio/fs/WindowsException'{0x00000000a7127510}> (0x00000000a7127510) 
thrown [s\src\hotspot\share\prims\jni.cpp, line 520]
Event: 29.396 Thread 0x0000020a7defc400 Exception <a 'sun/nio/fs/WindowsException'{0x00000000a7128c80}> (0x00000000a7128c80) 
thrown [s\src\hotspot\share\prims\jni.cpp, line 520]
Event: 29.399 Thread 0x0000020a7defc400 Exception <a 'sun/nio/fs/WindowsException'{0x00000000a712a3e0}> (0x00000000a712a3e0) 
thrown [s\src\hotspot\share\prims\jni.cpp, line 520]
Event: 29.506 Thread 0x0000020a7defc400 Implicit null exception at 0x0000020a2a73a6dd to 0x0000020a2a73abbc

ZGC Phase Switch (0 events):
No events

VM Operations (20 events):
Event: 24.347 Executing VM operation: HandshakeAllThreads (Deoptimize) done
Event: 24.538 Executing VM operation: HandshakeAllThreads (Deoptimize)
Event: 24.538 Executing VM operation: HandshakeAllThreads (Deoptimize) done
Event: 24.538 Executing VM operation: Cleanup
Event: 24.539 Executing VM operation: Cleanup done
Event: 24.598 Executing VM operation: HandshakeAllThreads (Deoptimize)
Event: 24.598 Executing VM operation: HandshakeAllThreads (Deoptimize) done
Event: 24.737 Executing VM operation: HandshakeAllThreads (Deoptimize)
Event: 24.737 Executing VM operation: HandshakeAllThreads (Deoptimize) done
Event: 24.902 Executing VM operation: G1CollectForAllocation (G1 Evacuation Pause)
Event: 24.910 Executing VM operation: G1CollectForAllocation (G1 Evacuation Pause) done
Event: 25.915 Executing VM operation: Cleanup
Event: 25.915 Executing VM operation: Cleanup done
Event: 26.925 Executing VM operation: Cleanup
Event: 26.925 Executing VM operation: Cleanup done
Event: 27.930 Executing VM operation: Cleanup
Event: 27.930 Executing VM operation: Cleanup done
Event: 28.944 Executing VM operation: Cleanup
Event: 28.944 Executing VM operation: Cleanup done
Event: 29.958 Executing VM operation: Cleanup

Memory protections (0 events):
No events

Nmethod flushes (20 events):
Event: 22.342 Thread 0x0000020a36bba120 flushing  nmethod 0x0000020a230baa10
Event: 22.342 Thread 0x0000020a36bba120 flushing  nmethod 0x0000020a23128b10
Event: 22.342 Thread 0x0000020a36bba120 flushing  nmethod 0x0000020a2313a990
Event: 22.342 Thread 0x0000020a36bba120 flushing  nmethod 0x0000020a2313d390
Event: 22.342 Thread 0x0000020a36bba120 flushing  nmethod 0x0000020a2324a590
Event: 22.342 Thread 0x0000020a36bba120 flushing  nmethod 0x0000020a233fff10
Event: 22.342 Thread 0x0000020a36bba120 flushing  nmethod 0x0000020a23466c90
Event: 22.342 Thread 0x0000020a36bba120 flushing  nmethod 0x0000020a2a7c5710
Event: 22.342 Thread 0x0000020a36bba120 flushing  nmethod 0x0000020a2a81b010
Event: 22.342 Thread 0x0000020a36bba120 flushing  nmethod 0x0000020a22957090
Event: 22.342 Thread 0x0000020a36bba120 flushing  nmethod 0x0000020a22958190
Event: 22.342 Thread 0x0000020a36bba120 flushing  nmethod 0x0000020a22958690
Event: 22.342 Thread 0x0000020a36bba120 flushing  nmethod 0x0000020a22959690
Event: 22.342 Thread 0x0000020a36bba120 flushing  nmethod 0x0000020a22a98710
Event: 22.342 Thread 0x0000020a36bba120 flushing  nmethod 0x0000020a22bf0f90
Event: 22.342 Thread 0x0000020a36bba120 flushing  nmethod 0x0000020a23044d90
Event: 22.342 Thread 0x0000020a36bba120 flushing  nmethod 0x0000020a23118910
Event: 22.342 Thread 0x0000020a36bba120 flushing  nmethod 0x0000020a23119290
Event: 22.342 Thread 0x0000020a36bba120 flushing  nmethod 0x0000020a2313e790
Event: 22.342 Thread 0x0000020a36bba120 flushing  nmethod 0x0000020a2314a610

Events (20 events):
Event: 25.009 Thread 0x0000020a7df8eb60 Thread exited: 0x0000020a7df8eb60
Event: 25.145 Thread 0x0000020a7de02500 Thread added: 0x0000020a7f90e7e0
Event: 25.146 Thread 0x0000020a7de53ea0 Thread exited: 0x0000020a7de53ea0
Event: 25.218 Thread 0x0000020a7dddc180 Thread exited: 0x0000020a7dddc180
Event: 25.549 Thread 0x0000020a36bfb820 Thread added: 0x0000020a0199b750
Event: 27.071 Thread 0x0000020a0199b750 Thread exited: 0x0000020a0199b750
Event: 27.366 Thread 0x0000020a7de02500 Thread added: 0x0000020a7f90ee70
Event: 27.376 Thread 0x0000020a7de02500 Thread added: 0x0000020a7f90cda0
Event: 27.397 Thread 0x0000020a7defc400 Thread added: 0x0000020a7f90d430
Event: 27.401 Thread 0x0000020a7defc400 Thread added: 0x0000020a7f910f40
Event: 27.402 Thread 0x0000020a7defc400 Thread added: 0x0000020a7f90dac0
Event: 27.412 Thread 0x0000020a36bfb820 Thread added: 0x0000020a0199b750
Event: 27.419 Thread 0x0000020a7defc400 Thread added: 0x0000020a7f9122f0
Event: 28.098 Thread 0x0000020a0199b750 Thread exited: 0x0000020a0199b750
Event: 28.213 Thread 0x0000020a7defc400 Thread added: 0x0000020a7f9143c0
Event: 29.292 Thread 0x0000020a36bfb820 Thread added: 0x0000020a0199b750
Event: 29.304 Thread 0x0000020a7defc400 Thread added: 0x0000020a7f912980
Event: 29.331 Thread 0x0000020a7defc400 Thread added: 0x0000020a7f9136a0
Event: 29.339 Thread 0x0000020a7defc400 Thread added: 0x0000020a7f913010
Event: 29.432 Thread 0x0000020a7defc400 Thread added: 0x0000020a00673cc0


Dynamic libraries:
0x00007ff7c8870000 - 0x00007ff7c887e000 	C:\Users\User\.vscode\extensions\redhat.java-1.43.0-win32-x64\jre\21.0.7-win32-x86_64\bin\java.exe
0x00007ffde9180000 - 0x00007ffde93e8000 	C:\WINDOWS\SYSTEM32\ntdll.dll
0x00007ffde8940000 - 0x00007ffde8a09000 	C:\WINDOWS\System32\KERNEL32.DLL
0x00007ffde6460000 - 0x00007ffde684d000 	C:\WINDOWS\System32\KERNELBASE.dll
0x00007ffde6dd0000 - 0x00007ffde6f1b000 	C:\WINDOWS\System32\ucrtbase.dll
0x00007ffd9c610000 - 0x00007ffd9c628000 	C:\Users\User\.vscode\extensions\redhat.java-1.43.0-win32-x64\jre\21.0.7-win32-x86_64\bin\jli.dll
0x00007ffda3460000 - 0x00007ffda347e000 	C:\Users\User\.vscode\extensions\redhat.java-1.43.0-win32-x64\jre\21.0.7-win32-x86_64\bin\VCRUNTIME140.dll
0x00007ffde7d20000 - 0x00007ffde7eec000 	C:\WINDOWS\System32\USER32.dll
0x00007ffdc4da0000 - 0x00007ffdc503a000 	C:\WINDOWS\WinSxS\amd64_microsoft.windows.common-controls_6595b64144ccf1df_6.0.26100.4484_none_3e0e6d4ce32ef3b3\COMCTL32.dll
0x00007ffde62d0000 - 0x00007ffde62f7000 	C:\WINDOWS\System32\win32u.dll
0x00007ffde8a10000 - 0x00007ffde8ab9000 	C:\WINDOWS\System32\msvcrt.dll
0x00007ffde8c80000 - 0x00007ffde8cab000 	C:\WINDOWS\System32\GDI32.dll
0x00007ffde6850000 - 0x00007ffde6987000 	C:\WINDOWS\System32\gdi32full.dll
0x00007ffde6a20000 - 0x00007ffde6ac3000 	C:\WINDOWS\System32\msvcp_win.dll
0x00007ffde8c40000 - 0x00007ffde8c6f000 	C:\WINDOWS\System32\IMM32.DLL
0x00007ffdde3f0000 - 0x00007ffdde3fc000 	C:\Users\User\.vscode\extensions\redhat.java-1.43.0-win32-x64\jre\21.0.7-win32-x86_64\bin\vcruntime140_1.dll
0x00007ffd5f730000 - 0x00007ffd5f7bd000 	C:\Users\User\.vscode\extensions\redhat.java-1.43.0-win32-x64\jre\21.0.7-win32-x86_64\bin\msvcp140.dll
0x00007ffd038f0000 - 0x00007ffd04680000 	C:\Users\User\.vscode\extensions\redhat.java-1.43.0-win32-x64\jre\21.0.7-win32-x86_64\bin\server\jvm.dll
0x00007ffde7ef0000 - 0x00007ffde7fa4000 	C:\WINDOWS\System32\ADVAPI32.dll
0x00007ffde6fa0000 - 0x00007ffde7046000 	C:\WINDOWS\System32\sechost.dll
0x00007ffde7050000 - 0x00007ffde7168000 	C:\WINDOWS\System32\RPCRT4.dll
0x00007ffde73e0000 - 0x00007ffde7454000 	C:\WINDOWS\System32\WS2_32.dll
0x00007ffde4f00000 - 0x00007ffde4f5e000 	C:\WINDOWS\SYSTEM32\POWRPROF.dll
0x00007ffddaeb0000 - 0x00007ffddaee5000 	C:\WINDOWS\SYSTEM32\WINMM.dll
0x00007ffdd3ab0000 - 0x00007ffdd3abb000 	C:\WINDOWS\SYSTEM32\VERSION.dll
0x00007ffde4ee0000 - 0x00007ffde4ef4000 	C:\WINDOWS\SYSTEM32\UMPDC.dll
0x00007ffde51a0000 - 0x00007ffde51bb000 	C:\WINDOWS\SYSTEM32\kernel.appcore.dll
0x00007ffdd23c0000 - 0x00007ffdd23ca000 	C:\Users\User\.vscode\extensions\redhat.java-1.43.0-win32-x64\jre\21.0.7-win32-x86_64\bin\jimage.dll
0x00007ffde3890000 - 0x00007ffde3ad1000 	C:\WINDOWS\SYSTEM32\DBGHELP.DLL
0x00007ffde7920000 - 0x00007ffde7ca6000 	C:\WINDOWS\System32\combase.dll
0x00007ffde72f0000 - 0x00007ffde73d0000 	C:\WINDOWS\System32\OLEAUT32.dll
0x00007ffdba410000 - 0x00007ffdba453000 	C:\WINDOWS\SYSTEM32\dbgcore.DLL
0x00007ffde6300000 - 0x00007ffde6399000 	C:\WINDOWS\System32\bcryptPrimitives.dll
0x00007ffdde470000 - 0x00007ffdde47f000 	C:\Users\User\.vscode\extensions\redhat.java-1.43.0-win32-x64\jre\21.0.7-win32-x86_64\bin\instrument.dll
0x00007ffd9c170000 - 0x00007ffd9c18f000 	C:\Users\User\.vscode\extensions\redhat.java-1.43.0-win32-x64\jre\21.0.7-win32-x86_64\bin\java.dll
0x00007ffde8080000 - 0x00007ffde87ca000 	C:\WINDOWS\System32\SHELL32.dll
0x00007ffde6ad0000 - 0x00007ffde6c44000 	C:\WINDOWS\System32\wintypes.dll
0x00007ffde3f40000 - 0x00007ffde479b000 	C:\WINDOWS\SYSTEM32\windows.storage.dll
0x00007ffde71f0000 - 0x00007ffde72e5000 	C:\WINDOWS\System32\SHCORE.dll
0x00007ffde6f30000 - 0x00007ffde6f9a000 	C:\WINDOWS\System32\shlwapi.dll
0x00007ffde61e0000 - 0x00007ffde620f000 	C:\WINDOWS\SYSTEM32\profapi.dll
0x00007ffd9ad20000 - 0x00007ffd9ad38000 	C:\Users\User\.vscode\extensions\redhat.java-1.43.0-win32-x64\jre\21.0.7-win32-x86_64\bin\zip.dll
0x00007ffdd2060000 - 0x00007ffdd2070000 	C:\Users\User\.vscode\extensions\redhat.java-1.43.0-win32-x64\jre\21.0.7-win32-x86_64\bin\net.dll
0x00007ffdd5f60000 - 0x00007ffdd607e000 	C:\WINDOWS\SYSTEM32\WINHTTP.dll
0x00007ffde5720000 - 0x00007ffde578a000 	C:\WINDOWS\system32\mswsock.dll
0x00007ffd81610000 - 0x00007ffd81626000 	C:\Users\User\.vscode\extensions\redhat.java-1.43.0-win32-x64\jre\21.0.7-win32-x86_64\bin\nio.dll
0x00007ffdb1130000 - 0x00007ffdb1140000 	C:\Users\User\.vscode\extensions\redhat.java-1.43.0-win32-x64\jre\21.0.7-win32-x86_64\bin\verify.dll
0x00007ffd75920000 - 0x00007ffd75947000 	C:\Users\User\.gradle\native\c067742578af261105cb4f569cf0c3c89f3d7b1fecec35dd04571415982c5e48\windows-amd64\native-platform.dll
0x00007ffd5df60000 - 0x00007ffd5e0a4000 	C:\Users\User\.gradle\native\100fb08df4bc3b14c8652ba06237920a3bd2aa13389f12d3474272988ae205f9\windows-amd64\native-platform-file-events.dll
0x00007ffdd1d90000 - 0x00007ffdd1d9a000 	C:\Users\User\.vscode\extensions\redhat.java-1.43.0-win32-x64\jre\21.0.7-win32-x86_64\bin\management.dll
0x00007ffdd1bb0000 - 0x00007ffdd1bbb000 	C:\Users\User\.vscode\extensions\redhat.java-1.43.0-win32-x64\jre\21.0.7-win32-x86_64\bin\management_ext.dll
0x00007ffde7880000 - 0x00007ffde7888000 	C:\WINDOWS\System32\PSAPI.DLL
0x00007ffde59d0000 - 0x00007ffde59eb000 	C:\WINDOWS\SYSTEM32\CRYPTSP.dll
0x00007ffde5100000 - 0x00007ffde513a000 	C:\WINDOWS\system32\rsaenh.dll
0x00007ffde57c0000 - 0x00007ffde57eb000 	C:\WINDOWS\SYSTEM32\USERENV.dll
0x00007ffde61b0000 - 0x00007ffde61d6000 	C:\WINDOWS\SYSTEM32\bcrypt.dll
0x00007ffde59f0000 - 0x00007ffde59fc000 	C:\WINDOWS\SYSTEM32\CRYPTBASE.dll
0x00007ffde4bf0000 - 0x00007ffde4c23000 	C:\WINDOWS\SYSTEM32\IPHLPAPI.DLL
0x00007ffde7d10000 - 0x00007ffde7d1a000 	C:\WINDOWS\System32\NSI.dll
0x00007ffdb1330000 - 0x00007ffdb1339000 	C:\Users\User\.vscode\extensions\redhat.java-1.43.0-win32-x64\jre\21.0.7-win32-x86_64\bin\extnet.dll
0x00007ffdb3be0000 - 0x00007ffdb3bee000 	C:\Users\User\.vscode\extensions\redhat.java-1.43.0-win32-x64\jre\21.0.7-win32-x86_64\bin\sunmscapi.dll
0x00007ffde6c50000 - 0x00007ffde6dc7000 	C:\WINDOWS\System32\CRYPT32.dll
0x00007ffde5bf0000 - 0x00007ffde5c20000 	C:\WINDOWS\SYSTEM32\ncrypt.dll
0x00007ffde5ba0000 - 0x00007ffde5bdf000 	C:\WINDOWS\SYSTEM32\NTASN1.dll
0x00007ffdd3060000 - 0x00007ffdd3068000 	C:\WINDOWS\system32\wshunix.dll
0x00007ffde52d0000 - 0x00007ffde5306000 	C:\WINDOWS\SYSTEM32\ntmarta.dll

dbghelp: loaded successfully - version: 4.0.5 - missing functions: none
symbol engine: initialized successfully - sym options: 0x614 - pdb path: .;C:\Users\User\.vscode\extensions\redhat.java-1.43.0-win32-x64\jre\21.0.7-win32-x86_64\bin;C:\WINDOWS\SYSTEM32;C:\WINDOWS\WinSxS\amd64_microsoft.windows.common-controls_6595b64144ccf1df_6.0.26100.4484_none_3e0e6d4ce32ef3b3;C:\Users\User\.vscode\extensions\redhat.java-1.43.0-win32-x64\jre\21.0.7-win32-x86_64\bin\server;C:\Users\User\.gradle\native\c067742578af261105cb4f569cf0c3c89f3d7b1fecec35dd04571415982c5e48\windows-amd64;C:\Users\User\.gradle\native\100fb08df4bc3b14c8652ba06237920a3bd2aa13389f12d3474272988ae205f9\windows-amd64

VM Arguments:
jvm_args: --add-opens=java.base/java.lang=ALL-UNNAMED --add-opens=java.base/java.lang.invoke=ALL-UNNAMED --add-opens=java.base/java.util=ALL-UNNAMED --add-opens=java.prefs/java.util.prefs=ALL-UNNAMED --add-exports=jdk.compiler/com.sun.tools.javac.api=ALL-UNNAMED --add-exports=jdk.compiler/com.sun.tools.javac.util=ALL-UNNAMED --add-opens=java.base/java.util=ALL-UNNAMED --add-opens=java.prefs/java.util.prefs=ALL-UNNAMED --add-opens=java.base/java.nio.charset=ALL-UNNAMED --add-opens=java.base/java.net=ALL-UNNAMED --add-opens=java.base/java.util.concurrent.atomic=ALL-UNNAMED --add-opens=java.xml/javax.xml.namespace=ALL-UNNAMED -Xmx1536m -Dfile.encoding=UTF-8 -Duser.country=US -Duser.language=en -Duser.variant -javaagent:C:\Users\User\.gradle\wrapper\dists\gradle-8.11.1-all\2qik7nd48slq1ooc2496ixf4i\gradle-8.11.1\lib\agents\gradle-instrumentation-agent-8.11.1.jar 
java_command: org.gradle.launcher.daemon.bootstrap.GradleDaemon 8.11.1
java_class_path (initial): C:\Users\User\.gradle\wrapper\dists\gradle-8.11.1-all\2qik7nd48slq1ooc2496ixf4i\gradle-8.11.1\lib\gradle-daemon-main-8.11.1.jar
Launcher Type: SUN_STANDARD

[Global flags]
     intx CICompilerCount                          = 4                                         {product} {ergonomic}
     uint ConcGCThreads                            = 2                                         {product} {ergonomic}
     uint G1ConcRefinementThreads                  = 8                                         {product} {ergonomic}
   size_t G1HeapRegionSize                         = 1048576                                   {product} {ergonomic}
    uintx GCDrainStackTargetSize                   = 64                                        {product} {ergonomic}
   size_t InitialHeapSize                          = 130023424                                 {product} {ergonomic}
   size_t MarkStackSize                            = 4194304                                   {product} {ergonomic}
   size_t MaxHeapSize                              = 1610612736                                {product} {command line}
   size_t MaxNewSize                               = 965738496                                 {product} {ergonomic}
   size_t MinHeapDeltaBytes                        = 1048576                                   {product} {ergonomic}
   size_t MinHeapSize                              = 8388608                                   {product} {ergonomic}
    uintx NonNMethodCodeHeapSize                   = 5839372                                {pd product} {ergonomic}
    uintx NonProfiledCodeHeapSize                  = 122909434                              {pd product} {ergonomic}
    uintx ProfiledCodeHeapSize                     = 122909434                              {pd product} {ergonomic}
    uintx ReservedCodeCacheSize                    = 251658240                              {pd product} {ergonomic}
     bool SegmentedCodeCache                       = true                                      {product} {ergonomic}
   size_t SoftMaxHeapSize                          = 1610612736                             {manageable} {ergonomic}
     bool UseCompressedOops                        = true                           {product lp64_product} {ergonomic}
     bool UseG1GC                                  = true                                      {product} {ergonomic}
     bool UseLargePagesIndividualAllocation        = false                                  {pd product} {ergonomic}

Logging:
Log output configuration:
 #0: stdout all=warning uptime,level,tags foldmultilines=false
 #1: stderr all=off uptime,level,tags foldmultilines=false

Environment Variables:
PATH=C:\Program Files (x86)\Common Files\Oracle\Java\java8path;C:\Program Files (x86)\Common Files\Oracle\Java\javapath;C:\WINDOWS\system32;C:\WINDOWS;C:\WINDOWS\System32\Wbem;C:\WINDOWS\System32\WindowsPowerShell\v1.0\;C:\WINDOWS\System32\OpenSSH\;C:\Program Files\nodejs\;C:\xampp\php;C:\ProgramData\ComposerSetup\bin;C:\Program Files\Git\cmd;C:\Program Files\PowerShell\7\;C:\Users\User\AppData\Local\Programs\Python\Python312\Scripts;C:\Users\User\.local\bin;C:\Users\User\scoop\shims;C:\Users\User\.cargo\bin;C:\Users\User\AppData\Local\Microsoft\WindowsApps;C:\Users\User\AppData\Local\Programs\Microsoft VS Code\bin;C:\Users\User\AppData\Roaming\npm;C:\Users\User\AppData\Roaming\Composer\vendor\bin;C:\Users\User\AppData\Local\GitHubDesktop\bin;
USERNAME=User
OS=Windows_NT
PROCESSOR_IDENTIFIER=Intel64 Family 6 Model 140 Stepping 1, GenuineIntel
TMP=C:\Users\User\AppData\Local\Temp
TEMP=C:\Users\User\AppData\Local\Temp




Periodic native trim disabled

---------------  S Y S T E M  ---------------

OS:
 Windows 11 , 64 bit Build 26100 (10.0.26100.4484)
OS uptime: 1 days 2:17 hours

CPU: total 8 (initial active 8) (4 cores per cpu, 2 threads per core) family 6 model 140 stepping 1 microcode 0x86, cx8, cmov, fxsr, ht, mmx, 3dnowpref, sse, sse2, sse3, ssse3, sse4.1, sse4.2, popcnt, lzcnt, tsc, tscinvbit, avx, avx2, aes, erms, clmul, bmi1, bmi2, adx, avx512f, avx512dq, avx512cd, avx512bw, avx512vl, sha, fma, vzeroupper, avx512_vpopcntdq, avx512_vpclmulqdq, avx512_vaes, avx512_vnni, clflush, clflushopt, clwb, avx512_vbmi2, avx512_vbmi, rdtscp, rdpid, fsrm, gfni, avx512_bitalg, f16c, pku, cet_ibt, cet_ss, avx512_ifma
Processor Information for the first 8 processors :
  Max Mhz: 2419, Current Mhz: 2419, Mhz Limit: 2419

Memory: 4k page, system-wide physical 7894M (521M free)
TotalPageFile size 32470M (AvailPageFile size 16M)
current process WorkingSet (physical memory assigned to process): 264M, peak: 297M
current process commit charge ("private bytes"): 371M, peak: 382M

vm_info: OpenJDK 64-Bit Server VM (21.0.7+6-LTS) for windows-amd64 JRE (21.0.7+6-LTS), built on 2025-04-15T00:00:00Z by "admin" with MS VC++ 17.7 (VS2022)

END.
